Warning[373]:	D:\Weiai\project\艾珀尔\ABB868\ABB868_V4_SC8P1712E_20250310_0xf33d改为呼吸灯版本\app_adc.c	第49行	implicit signed to unsigned conversion
Warning[373]:	D:\Weiai\project\艾珀尔\ABB868\ABB868_V4_SC8P1712E_20250310_0xf33d改为呼吸灯版本\app_motor.c	第83行	implicit signed to unsigned conversion
Warning[373]:	D:\Weiai\project\艾珀尔\ABB868\ABB868_V4_SC8P1712E_20250310_0xf33d改为呼吸灯版本\app_motor.c	第84行	implicit signed to unsigned conversion
Warning[700]:	D:\Weiai\project\艾珀尔\ABB868\ABB868_V4_SC8P1712E_20250310_0xf33d改为呼吸灯版本\app_charge.c	第88行	truncation of enumerated value
Warning[765]:	D:\Weiai\project\艾珀尔\ABB868\ABB868_V4_SC8P1712E_20250310_0xf33d改为呼吸灯版本\app_charge.c	第179行	degenerate unsigned comparison
Warning[764]:	D:\Weiai\project\艾珀尔\ABB868\ABB868_V4_SC8P1712E_20250310_0xf33d改为呼吸灯版本\app_charge.c	第179行	mismatched comparison
Warning[700]:	D:\Weiai\project\艾珀尔\ABB868\ABB868_V4_SC8P1712E_20250310_0xf33d改为呼吸灯版本\app_led.c	第25行	truncation of enumerated value
Warning[700]:	D:\Weiai\project\艾珀尔\ABB868\ABB868_V4_SC8P1712E_20250310_0xf33d改为呼吸灯版本\app_process.c	第31行	truncation of enumerated value
Warning[700]:	D:\Weiai\project\艾珀尔\ABB868\ABB868_V4_SC8P1712E_20250310_0xf33d改为呼吸灯版本\app_water_process.c	第138行	truncation of enumerated value
Advisory[1510]	non-reentrant function "_set_led_state" appears in multiple call graphs and has been duplicated by the compiler
Warning[520]:	D:\Weiai\project\艾珀尔\ABB868\ABB868_V4_SC8P1712E_20250310_0xf33d改为呼吸灯版本\app_adc.c	第180行	function "_MotorAdcIChk" is never called
Warning[520]:	D:\Weiai\project\艾珀尔\ABB868\ABB868_V4_SC8P1712E_20250310_0xf33d改为呼吸灯版本\app_led.c	第24行	function "_led_pwm_ctrl" is never called
Warning[520]:	D:\Weiai\project\艾珀尔\ABB868\ABB868_V4_SC8P1712E_20250310_0xf33d改为呼吸灯版本\app_led.c	第29行	function "_led_pwm_close" is never called
Warning[520]:	D:\Weiai\project\艾珀尔\ABB868\ABB868_V4_SC8P1712E_20250310_0xf33d改为呼吸灯版本\app_process.c	第26行	function "_turn_off" is never called
Warning[520]:	D:\Weiai\project\艾珀尔\ABB868\ABB868_V4_SC8P1712E_20250310_0xf33d改为呼吸灯版本\app_process.c	第191行	function "_process_null" is never called
Warning[520]:	D:\Weiai\project\艾珀尔\ABB868\ABB868_V4_SC8P1712E_20250310_0xf33d改为呼吸灯版本\app_timer.c	第15行	function "_charge_to_oldmode_timing" is never called
Warning[1090]:	D:\Weiai\project\艾珀尔\ABB868\ABB868_V4_SC8P1712E_20250310_0xf33d改为呼吸灯版本\app_process.c	第196行	variable "_work_state_action_tab" is not used
Warning[1090]:	D:\Weiai\project\艾珀尔\ABB868\ABB868_V4_SC8P1712E_20250310_0xf33d改为呼吸灯版本\app_water_process.c	第12行	variable "_app_water_timer" is not used
Warning[1090]:	D:\Weiai\project\艾珀尔\ABB868\ABB868_V4_SC8P1712E_20250310_0xf33d改为呼吸灯版本\app_motor.c	第27行	variable "_app_motor_pwm_pram" is not used
Warning[1090]:	D:\Weiai\project\艾珀尔\ABB868\ABB868_V4_SC8P1712E_20250310_0xf33d改为呼吸灯版本\app_charge.c	第31行	variable "_Charge_BatAdSum" is not used
Warning[1090]:	D:\Weiai\project\艾珀尔\ABB868\ABB868_V4_SC8P1712E_20250310_0xf33d改为呼吸灯版本\app_adc.c	第21行	variable "_BatAdSum" is not used
Warning[1090]:	D:\Weiai\project\艾珀尔\ABB868\ABB868_V4_SC8P1712E_20250310_0xf33d改为呼吸灯版本\app_process.c	第40行	variable "_times" is not used
Warning[1090]:	D:\Weiai\project\艾珀尔\ABB868\ABB868_V4_SC8P1712E_20250310_0xf33d改为呼吸灯版本\app_process.c	第5行	variable "_bat_remind_timer" is not used
Warning[1090]:	D:\Weiai\project\艾珀尔\ABB868\ABB868_V4_SC8P1712E_20250310_0xf33d改为呼吸灯版本\app_charge.c	第30行	variable "_Charge_BatAdTmp" is not used
Warning[1090]:	D:\Weiai\project\艾珀尔\ABB868\ABB868_V4_SC8P1712E_20250310_0xf33d改为呼吸灯版本\app_charge.c	第25行	variable "_charge_full_cnt1" is not used
Warning[1090]:	D:\Weiai\project\艾珀尔\ABB868\ABB868_V4_SC8P1712E_20250310_0xf33d改为呼吸灯版本\app_adc.c	第20行	variable "_BatAdTmp" is not used
Warning[1090]:	D:\Weiai\project\艾珀尔\ABB868\ABB868_V4_SC8P1712E_20250310_0xf33d改为呼吸灯版本\main.c	第19行	variable "_Cnt250us" is not used
Warning[1090]:	D:\Weiai\project\艾珀尔\ABB868\ABB868_V4_SC8P1712E_20250310_0xf33d改为呼吸灯版本\app_charge.c	第29行	variable "_Charge_BatAdSumCnt" is not used
Warning[1090]:	D:\Weiai\project\艾珀尔\ABB868\ABB868_V4_SC8P1712E_20250310_0xf33d改为呼吸灯版本\app_adc.c	第19行	variable "_BatAdSumCnt" is not used
Warning[1090]:	D:\Weiai\project\艾珀尔\ABB868\ABB868_V4_SC8P1712E_20250310_0xf33d改为呼吸灯版本\app_process.c	第19行	variable "_flag_old_mode" is not used
Warning[1090]:	D:\Weiai\project\艾珀尔\ABB868\ABB868_V4_SC8P1712E_20250310_0xf33d改为呼吸灯版本\app_adc.c	第96行	variable "_flag_charge_force_full_24hour" is not used
Warning[1090]:	D:\Weiai\project\艾珀尔\ABB868\ABB868_V4_SC8P1712E_20250310_0xf33d改为呼吸灯版本\app_adc.c	第27行	variable "AdcOneChk@adch" is not used
Warning[759]:	D:\Weiai\project\艾珀尔\ABB868\ABB868_V4_SC8P1712E_20250310_0xf33d改为呼吸灯版本\app_charge.c	第234行	expression generates no code
Warning[752]:	D:\Weiai\project\艾珀尔\ABB868\ABB868_V4_SC8P1712E_20250310_0xf33d改为呼吸灯版本\app_led.c	第65行	conversion to shorter data type
Warning[752]:	D:\Weiai\project\艾珀尔\ABB868\ABB868_V4_SC8P1712E_20250310_0xf33d改为呼吸灯版本\app_led.c	第67行	conversion to shorter data type
Warning[752]:	D:\Weiai\project\艾珀尔\ABB868\ABB868_V4_SC8P1712E_20250310_0xf33d改为呼吸灯版本\app_led.c	第69行	conversion to shorter data type
Warning[752]:	D:\Weiai\project\艾珀尔\ABB868\ABB868_V4_SC8P1712E_20250310_0xf33d改为呼吸灯版本\app_led.c	第90行	conversion to shorter data type
Warning[752]:	D:\Weiai\project\艾珀尔\ABB868\ABB868_V4_SC8P1712E_20250310_0xf33d改为呼吸灯版本\app_led.c	第92行	conversion to shorter data type
Warning[752]:	D:\Weiai\project\艾珀尔\ABB868\ABB868_V4_SC8P1712E_20250310_0xf33d改为呼吸灯版本\app_led.c	第94行	conversion to shorter data type
Warning[752]:	D:\Weiai\project\艾珀尔\ABB868\ABB868_V4_SC8P1712E_20250310_0xf33d改为呼吸灯版本\app_led.c	第99行	conversion to shorter data type
Warning[752]:	D:\Weiai\project\艾珀尔\ABB868\ABB868_V4_SC8P1712E_20250310_0xf33d改为呼吸灯版本\app_led.c	第101行	conversion to shorter data type
Warning[752]:	D:\Weiai\project\艾珀尔\ABB868\ABB868_V4_SC8P1712E_20250310_0xf33d改为呼吸灯版本\app_led.c	第296行	conversion to shorter data type
Warning[752]:	D:\Weiai\project\艾珀尔\ABB868\ABB868_V4_SC8P1712E_20250310_0xf33d改为呼吸灯版本\app_led.c	第299行	conversion to shorter data type
Warning[752]:	D:\Weiai\project\艾珀尔\ABB868\ABB868_V4_SC8P1712E_20250310_0xf33d改为呼吸灯版本\app_led.c	第301行	conversion to shorter data type
Warning[752]:	D:\Weiai\project\艾珀尔\ABB868\ABB868_V4_SC8P1712E_20250310_0xf33d改为呼吸灯版本\app_led.c	第304行	conversion to shorter data type
Warning[752]:	D:\Weiai\project\艾珀尔\ABB868\ABB868_V4_SC8P1712E_20250310_0xf33d改为呼吸灯版本\app_led.c	第306行	conversion to shorter data type
Warning[752]:	D:\Weiai\project\艾珀尔\ABB868\ABB868_V4_SC8P1712E_20250310_0xf33d改为呼吸灯版本\app_led.c	第309行	conversion to shorter data type
Warning[752]:	D:\Weiai\project\艾珀尔\ABB868\ABB868_V4_SC8P1712E_20250310_0xf33d改为呼吸灯版本\app_led.c	第311行	conversion to shorter data type
Warning[752]:	D:\Weiai\project\艾珀尔\ABB868\ABB868_V4_SC8P1712E_20250310_0xf33d改为呼吸灯版本\app_led.c	第314行	conversion to shorter data type
Warning[752]:	D:\Weiai\project\艾珀尔\ABB868\ABB868_V4_SC8P1712E_20250310_0xf33d改为呼吸灯版本\app_led.c	第316行	conversion to shorter data type
Warning[752]:	D:\Weiai\project\艾珀尔\ABB868\ABB868_V4_SC8P1712E_20250310_0xf33d改为呼吸灯版本\app_led.c	第319行	conversion to shorter data type
Warning[752]:	D:\Weiai\project\艾珀尔\ABB868\ABB868_V4_SC8P1712E_20250310_0xf33d改为呼吸灯版本\app_led.c	第322行	conversion to shorter data type
Warning[752]:	D:\Weiai\project\艾珀尔\ABB868\ABB868_V4_SC8P1712E_20250310_0xf33d改为呼吸灯版本\app_led.c	第326行	conversion to shorter data type
Warning[752]:	D:\Weiai\project\艾珀尔\ABB868\ABB868_V4_SC8P1712E_20250310_0xf33d改为呼吸灯版本\app_led.c	第329行	conversion to shorter data type
Warning[752]:	D:\Weiai\project\艾珀尔\ABB868\ABB868_V4_SC8P1712E_20250310_0xf33d改为呼吸灯版本\app_led.c	第331行	conversion to shorter data type
Warning[752]:	D:\Weiai\project\艾珀尔\ABB868\ABB868_V4_SC8P1712E_20250310_0xf33d改为呼吸灯版本\app_led.c	第334行	conversion to shorter data type
Warning[752]:	D:\Weiai\project\艾珀尔\ABB868\ABB868_V4_SC8P1712E_20250310_0xf33d改为呼吸灯版本\app_led.c	第336行	conversion to shorter data type
Warning[752]:	D:\Weiai\project\艾珀尔\ABB868\ABB868_V4_SC8P1712E_20250310_0xf33d改为呼吸灯版本\app_led.c	第339行	conversion to shorter data type
Warning[752]:	D:\Weiai\project\艾珀尔\ABB868\ABB868_V4_SC8P1712E_20250310_0xf33d改为呼吸灯版本\app_led.c	第342行	conversion to shorter data type
Warning[752]:	D:\Weiai\project\艾珀尔\ABB868\ABB868_V4_SC8P1712E_20250310_0xf33d改为呼吸灯版本\app_led.c	第349行	conversion to shorter data type
Warning[752]:	D:\Weiai\project\艾珀尔\ABB868\ABB868_V4_SC8P1712E_20250310_0xf33d改为呼吸灯版本\app_led.c	第352行	conversion to shorter data type
Warning[752]:	D:\Weiai\project\艾珀尔\ABB868\ABB868_V4_SC8P1712E_20250310_0xf33d改为呼吸灯版本\app_led.c	第359行	conversion to shorter data type
Warning[752]:	D:\Weiai\project\艾珀尔\ABB868\ABB868_V4_SC8P1712E_20250310_0xf33d改为呼吸灯版本\app_led.c	第362行	conversion to shorter data type
Warning[752]:	D:\Weiai\project\艾珀尔\ABB868\ABB868_V4_SC8P1712E_20250310_0xf33d改为呼吸灯版本\app_motor.c	第60行	conversion to shorter data type
Warning[752]:	D:\Weiai\project\艾珀尔\ABB868\ABB868_V4_SC8P1712E_20250310_0xf33d改为呼吸灯版本\app_motor.c	第61行	conversion to shorter data type
Warning[752]:	D:\Weiai\project\艾珀尔\ABB868\ABB868_V4_SC8P1712E_20250310_0xf33d改为呼吸灯版本\app_motor.c	第66行	conversion to shorter data type
Warning[752]:	D:\Weiai\project\艾珀尔\ABB868\ABB868_V4_SC8P1712E_20250310_0xf33d改为呼吸灯版本\app_motor.c	第67行	conversion to shorter data type
Warning[752]:	D:\Weiai\project\艾珀尔\ABB868\ABB868_V4_SC8P1712E_20250310_0xf33d改为呼吸灯版本\app_motor.c	第72行	conversion to shorter data type
Warning[752]:	D:\Weiai\project\艾珀尔\ABB868\ABB868_V4_SC8P1712E_20250310_0xf33d改为呼吸灯版本\app_motor.c	第73行	conversion to shorter data type
Warning[752]:	D:\Weiai\project\艾珀尔\ABB868\ABB868_V4_SC8P1712E_20250310_0xf33d改为呼吸灯版本\app_motor.c	第83行	conversion to shorter data type
Warning[752]:	D:\Weiai\project\艾珀尔\ABB868\ABB868_V4_SC8P1712E_20250310_0xf33d改为呼吸灯版本\app_motor.c	第84行	conversion to shorter data type
Warning[752]:	D:\Weiai\project\艾珀尔\ABB868\ABB868_V4_SC8P1712E_20250310_0xf33d改为呼吸灯版本\app_water_process.c	第151行	conversion to shorter data type

Memory Summary:
    Program space        used   7E1h (  2017) of   800h words   ( 98.5%)
    Data space           used    93h (   147) of    A0h bytes   ( 91.9%)
    EEPROM space         None available
    Data stack space     used     0h (     0) of    19h bytes   (  0.0%)
    Configuration bits   used     0h (     0) of     2h words   (  0.0%)
    ID Location space    used     0h (     0) of     4h bytes   (  0.0%)

